#! /usr/bin/vvp
:ivl_version "0.9.7 " "(v0_9_7)";
:vpi_time_precision + 0;
:vpi_module "system";
:vpi_module "v2005_math";
:vpi_module "va_math";
S_0x1f62690 .scope module, "one_eight_demux_tb" "one_eight_demux_tb" 2 1;
 .timescale 0 0;
v0x1fad9d0_0 .var "a", 0 0;
v0x1fadaa0_0 .var "en", 0 0;
v0x1fadb50_0 .var "sel", 2 0;
v0x1fadc00_0 .net "y", 7 0, v0x1fad920_0; 1 drivers
S_0x1f62780 .scope module, "oed" "one_eight_demux" 2 7, 3 1, S_0x1f62690;
 .timescale 0 0;
v0x1f62870_0 .net "a", 0 0, v0x1fad9d0_0; 1 drivers
v0x1fad7e0_0 .net "en", 0 0, v0x1fadaa0_0; 1 drivers
v0x1fad880_0 .net "sel", 2 0, v0x1fadb50_0; 1 drivers
v0x1fad920_0 .var "y", 7 0;
E_0x1f76df0 .event edge, v0x1fad7e0_0, v0x1fad880_0, v0x1f62870_0;
    .scope S_0x1f62780;
T_0 ;
    %wait E_0x1f76df0;
    %set/v v0x1fad920_0, 2, 8;
    %load/v 8, v0x1fad880_0, 3;
    %cmpi/u 8, 0, 3;
    %jmp/1 T_0.0, 6;
    %cmpi/u 8, 1, 3;
    %jmp/1 T_0.1, 6;
    %cmpi/u 8, 2, 3;
    %jmp/1 T_0.2, 6;
    %cmpi/u 8, 3, 3;
    %jmp/1 T_0.3, 6;
    %cmpi/u 8, 4, 3;
    %jmp/1 T_0.4, 6;
    %cmpi/u 8, 5, 3;
    %jmp/1 T_0.5, 6;
    %cmpi/u 8, 6, 3;
    %jmp/1 T_0.6, 6;
    %cmpi/u 8, 7, 3;
    %jmp/1 T_0.7, 6;
    %jmp T_0.8;
T_0.0 ;
    %load/v 8, v0x1f62870_0, 1;
    %ix/load 0, 0, 0;
    %set/x0 v0x1fad920_0, 8, 1;
    %jmp T_0.8;
T_0.1 ;
    %load/v 8, v0x1f62870_0, 1;
    %ix/load 0, 1, 0;
    %set/x0 v0x1fad920_0, 8, 1;
    %jmp T_0.8;
T_0.2 ;
    %load/v 8, v0x1f62870_0, 1;
    %ix/load 0, 2, 0;
    %set/x0 v0x1fad920_0, 8, 1;
    %jmp T_0.8;
T_0.3 ;
    %load/v 8, v0x1f62870_0, 1;
    %ix/load 0, 3, 0;
    %set/x0 v0x1fad920_0, 8, 1;
    %jmp T_0.8;
T_0.4 ;
    %load/v 8, v0x1f62870_0, 1;
    %ix/load 0, 4, 0;
    %set/x0 v0x1fad920_0, 8, 1;
    %jmp T_0.8;
T_0.5 ;
    %load/v 8, v0x1f62870_0, 1;
    %ix/load 0, 5, 0;
    %set/x0 v0x1fad920_0, 8, 1;
    %jmp T_0.8;
T_0.6 ;
    %load/v 8, v0x1f62870_0, 1;
    %ix/load 0, 6, 0;
    %set/x0 v0x1fad920_0, 8, 1;
    %jmp T_0.8;
T_0.7 ;
    %load/v 8, v0x1f62870_0, 1;
    %ix/load 0, 7, 0;
    %set/x0 v0x1fad920_0, 8, 1;
    %jmp T_0.8;
T_0.8 ;
    %jmp T_0;
    .thread T_0, $push;
    .scope S_0x1f62690;
T_1 ;
    %delay 10, 0;
    %set/v v0x1fad9d0_0, 0, 1;
    %set/v v0x1fadb50_0, 0, 3;
    %set/v v0x1fadaa0_0, 1, 1;
    %delay 10, 0;
    %set/v v0x1fad9d0_0, 1, 1;
    %movi 8, 1, 3;
    %set/v v0x1fadb50_0, 8, 3;
    %set/v v0x1fadaa0_0, 1, 1;
    %delay 10, 0;
    %set/v v0x1fad9d0_0, 1, 1;
    %movi 8, 2, 3;
    %set/v v0x1fadb50_0, 8, 3;
    %set/v v0x1fadaa0_0, 1, 1;
    %delay 10, 0;
    %set/v v0x1fad9d0_0, 0, 1;
    %movi 8, 3, 3;
    %set/v v0x1fadb50_0, 8, 3;
    %set/v v0x1fadaa0_0, 1, 1;
    %delay 10, 0;
    %set/v v0x1fad9d0_0, 1, 1;
    %movi 8, 4, 3;
    %set/v v0x1fadb50_0, 8, 3;
    %set/v v0x1fadaa0_0, 1, 1;
    %delay 10, 0;
    %set/v v0x1fad9d0_0, 1, 1;
    %movi 8, 5, 3;
    %set/v v0x1fadb50_0, 8, 3;
    %set/v v0x1fadaa0_0, 1, 1;
    %delay 10, 0;
    %set/v v0x1fad9d0_0, 0, 1;
    %movi 8, 6, 3;
    %set/v v0x1fadb50_0, 8, 3;
    %set/v v0x1fadaa0_0, 1, 1;
    %delay 10, 0;
    %set/v v0x1fad9d0_0, 0, 1;
    %set/v v0x1fadb50_0, 1, 3;
    %set/v v0x1fadaa0_0, 1, 1;
    %delay 20, 0;
    %end;
    .thread T_1;
    .scope S_0x1f62690;
T_2 ;
    %vpi_call 2 27 "$dumpfile", "one_eight_demux.vcd";
    %vpi_call 2 28 "$dumpvars", 1'sb0, S_0x1f62690;
    %vpi_call 2 29 "$display", "EN A SEL Y ";
    %vpi_call 2 30 "$monitor", "%b %b %3b %8b", v0x1fadaa0_0, v0x1fad9d0_0, v0x1fadb50_0, v0x1fadc00_0;
    %end;
    .thread T_2;
# The file index is used to find the file name in the following table.
:file_names 4;
    "N/A";
    "<interactive>";
    "one_eight_demux_tb.c";
    "one_eight_demux.c";
